This file contains any messages produced by compilers while
running configure, to aid debugging if configure makes a mistake.

configure:598: checking for non-GNU ld
configure:633: checking if the linker (/Applications/Xcode.app/Contents/Developer/Toolchains/XcodeDefault.xctoolchain/usr/bin/ld) is GNU ld
configure:672: checking how to run the C preprocessor
configure:693: gcc -E  conftest.c >/dev/null 2>conftest.out
configure:753: checking for inttypes.h
configure:766: gcc -c -g -O2  conftest.c 1>&5
configure:788: checking for stdint.h
configure:801: gcc -c -g -O2  conftest.c 1>&5
configure:823: checking for unsigned long long
configure:836: gcc -o conftest -g -O2   conftest.c  1>&5
configure:874: checking for shared library run path origin
configure:905: checking whether make sets ${MAKE}
configure:943: checking for a BSD compatible install
configure:1010: checking whether NLS is requested
configure:1025: checking for gcc
configure:1138: checking whether the C compiler (gcc -g -O2 ) works
configure:1154: gcc -o conftest -g -O2   conftest.c  1>&5
configure:1151:1: warning: type specifier missing, defaults to 'int' [-Wimplicit-int]
main(){return(0);}
^
1 warning generated.
configure:1180: checking whether the C compiler (gcc -g -O2 ) is a cross-compiler
configure:1185: checking whether we are using GNU C
configure:1194: gcc -E conftest.c
configure:1213: checking whether gcc accepts -g
configure:1251: checking host system type
configure:1274: checking for ranlib
configure:1303: checking for strerror in -lcposix
configure:1322: gcc -o conftest -g -O2   conftest.c -lcposix   1>&5
configure:1315:6: warning: incompatible redeclaration of library function 'strerror' [-Wincompatible-library-redeclaration]
char strerror();
     ^
configure:1315:6: note: 'strerror' is a builtin with type 'char *(int)'
1 warning generated.
ld: library not found for -lcposix
clang: error: linker command failed with exit code 1 (use -v to see invocation)
configure: failed program was:
#line 1311 "configure"
#include "confdefs.h"
/* Override any gcc2 internal prototype to avoid an error.  */
/* We use char because int might match the return type of a gcc2
    builtin and then its argument prototype would still apply.  */
char strerror();

int main() {
strerror()
; return 0; }
configure:1345: checking for ANSI C header files
configure:1358: gcc -E  conftest.c >/dev/null 2>conftest.out
configure:1425: gcc -o conftest -g -O2   conftest.c  1>&5
configure:1420:67: warning: implicitly declaring library function 'exit' with type 'void (int) __attribute__((noreturn))' [-Wimplicit-function-declaration]
if (XOR (islower (i), ISLOWER (i)) || toupper (i) != TOUPPER (i)) exit(2);
                                                                  ^
configure:1420:67: note: include the header <stdlib.h> or explicitly provide a declaration for 'exit'
1 warning generated.
configure:1449: checking for working const
configure:1503: gcc -c -g -O2  conftest.c 1>&5
configure:1524: checking for inline
configure:1538: gcc -c -g -O2  conftest.c 1>&5
configure:1534:10: warning: type specifier missing, defaults to 'int' [-Wimplicit-int]
} inline foo() {
  ~~~~~~ ^
1 warning generated.
configure:1564: checking for off_t
configure:1597: checking for size_t
configure:1632: checking for working alloca.h
configure:1644: gcc -o conftest -g -O2   conftest.c  1>&5
configure:1665: checking for alloca
configure:1698: gcc -o conftest -g -O2   conftest.c  1>&5
configure:1867: checking for unistd.h
configure:1877: gcc -E  conftest.c >/dev/null 2>conftest.out
configure:1906: checking for getpagesize
configure:1934: gcc -o conftest -g -O2   conftest.c  1>&5
configure:1959: checking for working mmap
configure:2107: gcc -o conftest -g -O2   conftest.c  1>&5
configure:2038:7: warning: incompatible redeclaration of library function 'malloc' [-Wincompatible-library-redeclaration]
char *malloc();
      ^
configure:2038:7: note: 'malloc' is a builtin with type 'void *(unsigned long)'
configure:2048:13: warning: implicit declaration of function 'getpagesize' is invalid in C99 [-Wimplicit-function-declaration]
        pagesize = getpagesize();
                   ^
configure:2055:3: warning: implicitly declaring library function 'exit' with type 'void (int) __attribute__((noreturn))' [-Wimplicit-function-declaration]
                exit(1);
                ^
configure:2055:3: note: include the header <stdlib.h> or explicitly provide a declaration for 'exit'
configure:2057:17: warning: implicit declaration of function 'rand' is invalid in C99 [-Wimplicit-function-declaration]
                *(data + i) = rand();
                              ^
configure:2058:2: warning: implicit declaration of function 'umask' is invalid in C99 [-Wimplicit-function-declaration]
        umask(0);
        ^
configure:2062:6: warning: implicit declaration of function 'write' is invalid in C99 [-Wimplicit-function-declaration]
        if (write(fd, data, pagesize) != pagesize)
            ^
configure:2064:2: warning: implicit declaration of function 'close' is invalid in C99 [-Wimplicit-function-declaration]
        close(fd);
        ^
configure:2095:6: warning: implicit declaration of function 'read' is invalid in C99 [-Wimplicit-function-declaration]
        if (read(fd, data3, pagesize) != pagesize)
            ^
configure:2101:2: warning: implicit declaration of function 'unlink' is invalid in C99 [-Wimplicit-function-declaration]
        unlink("conftestmmap");
        ^
9 warnings generated.
configure:2131: checking whether we are using the GNU C Library 2.1 or newer
configure:2138:10: fatal error: 'features.h' file not found
#include <features.h>
         ^~~~~~~~~~~~
1 error generated.
configure:2169: checking whether integer division by zero raises SIGFPE
configure:2226: gcc -o conftest -g -O2   conftest.c  1>&5
configure:2205:5: error: redefinition of 'nan' as different kind of symbol
int nan;
    ^
configure:2205:5: note: unguarded header; consider using #ifdef guards or #pragma once
configure:2205:5: note: previous definition is here
configure:2220:7: error: non-object type 'double (const char *)' is not assignable
  nan = y / y;
  ~~~ ^
2 errors generated.
configure: failed program was:
#line 2186 "configure"
#include "confdefs.h"

#include <stdlib.h>
#include <signal.h>

static void
#ifdef __cplusplus
sigfpe_handler (int sig)
#else
sigfpe_handler (sig) int sig;
#endif
{
  /* Exit with code 0 if SIGFPE, with code 1 if any other signal.  */
  exit (sig != SIGFPE);
}

int x = 1;
int y = 0;
int z;
int nan;

int main ()
{
  signal (SIGFPE, sigfpe_handler);
/* IRIX and AIX (when "xlc -qcheck" is used) yield signal SIGTRAP.  */
#if (defined (__sgi) || defined (_AIX)) && defined (SIGTRAP)
  signal (SIGTRAP, sigfpe_handler);
#endif
/* Linux/SPARC yields signal SIGILL.  */
#if defined (__sparc__) && defined (__linux__)
  signal (SIGILL, sigfpe_handler);
#endif

  z = x / y;
  nan = y / y;
  exit (1);
}

configure:2272: checking for inttypes.h
configure:2286: gcc -c -g -O2  conftest.c 1>&5
configure:2311: checking whether the inttypes.h PRIxNN macros are broken
configure:2328: gcc -c -g -O2  conftest.c 1>&5
configure:2768: checking for msgfmt
configure:2806: checking for gmsgfmt
configure:2872: checking for xgettext
configure:2941: checking for msgmerge
configure:3007: checking for argz.h
configure:3017: gcc -E  conftest.c >/dev/null 2>conftest.out
configure:3013:10: fatal error: 'argz.h' file not found
#include <argz.h>
         ^~~~~~~~
1 error generated.
configure: failed program was:
#line 3012 "configure"
#include "confdefs.h"
#include <argz.h>
configure:3007: checking for limits.h
configure:3017: gcc -E  conftest.c >/dev/null 2>conftest.out
configure:3007: checking for locale.h
configure:3017: gcc -E  conftest.c >/dev/null 2>conftest.out
configure:3007: checking for nl_types.h
configure:3017: gcc -E  conftest.c >/dev/null 2>conftest.out
configure:3007: checking for malloc.h
configure:3017: gcc -E  conftest.c >/dev/null 2>conftest.out
configure:3013:10: fatal error: 'malloc.h' file not found
#include <malloc.h>
         ^~~~~~~~~~
1 error generated.
configure: failed program was:
#line 3012 "configure"
#include "confdefs.h"
#include <malloc.h>
configure:3007: checking for stddef.h
configure:3017: gcc -E  conftest.c >/dev/null 2>conftest.out
configure:3007: checking for stdlib.h
configure:3017: gcc -E  conftest.c >/dev/null 2>conftest.out
configure:3007: checking for string.h
configure:3017: gcc -E  conftest.c >/dev/null 2>conftest.out
configure:3007: checking for unistd.h
configure:3007: checking for sys/param.h
configure:3017: gcc -E  conftest.c >/dev/null 2>conftest.out
configure:3049: checking for feof_unlocked
configure:3077: gcc -o conftest -g -O2   conftest.c  1>&5
configure:3049: checking for fgets_unlocked
configure:3077: gcc -o conftest -g -O2   conftest.c  1>&5
Undefined symbols for architecture x86_64:
  "_fgets_unlocked", referenced from:
      _main in conftest-8f6832.o
ld: symbol(s) not found for architecture x86_64
clang: error: linker command failed with exit code 1 (use -v to see invocation)
configure: failed program was:
#line 3054 "configure"
#include "confdefs.h"
/* System header to define __stub macros and hopefully few prototypes,
    which can conflict with char fgets_unlocked(); below.  */
#include <assert.h>
/* Override any gcc2 internal prototype to avoid an error.  */
/* We use char because int might match the return type of a gcc2
    builtin and then its argument prototype would still apply.  */
char fgets_unlocked();

int main() {

/* The GNU C library defines this for functions which it implements
    to always fail with ENOSYS.  Some functions are actually named
    something starting with __ and the normal name is an alias.  */
#if defined (__stub_fgets_unlocked) || defined (__stub___fgets_unlocked)
choke me
#else
fgets_unlocked();
#endif

; return 0; }
configure:3049: checking for getc_unlocked
configure:3077: gcc -o conftest -g -O2   conftest.c  1>&5
configure:3049: checking for getcwd
configure:3077: gcc -o conftest -g -O2   conftest.c  1>&5
configure:3049: checking for getegid
configure:3077: gcc -o conftest -g -O2   conftest.c  1>&5
configure:3049: checking for geteuid
configure:3077: gcc -o conftest -g -O2   conftest.c  1>&5
configure:3049: checking for getgid
configure:3077: gcc -o conftest -g -O2   conftest.c  1>&5
configure:3049: checking for getuid
configure:3077: gcc -o conftest -g -O2   conftest.c  1>&5
configure:3049: checking for mempcpy
configure:3077: gcc -o conftest -g -O2   conftest.c  1>&5
Undefined symbols for architecture x86_64:
  "_mempcpy", referenced from:
      _main in conftest-ada725.o
ld: symbol(s) not found for architecture x86_64
clang: error: linker command failed with exit code 1 (use -v to see invocation)
configure: failed program was:
#line 3054 "configure"
#include "confdefs.h"
/* System header to define __stub macros and hopefully few prototypes,
    which can conflict with char mempcpy(); below.  */
#include <assert.h>
/* Override any gcc2 internal prototype to avoid an error.  */
/* We use char because int might match the return type of a gcc2
    builtin and then its argument prototype would still apply.  */
char mempcpy();

int main() {

/* The GNU C library defines this for functions which it implements
    to always fail with ENOSYS.  Some functions are actually named
    something starting with __ and the normal name is an alias.  */
#if defined (__stub_mempcpy) || defined (__stub___mempcpy)
choke me
#else
mempcpy();
#endif

; return 0; }
configure:3049: checking for munmap
configure:3077: gcc -o conftest -g -O2   conftest.c  1>&5
configure:3049: checking for putenv
configure:3077: gcc -o conftest -g -O2   conftest.c  1>&5
configure:3049: checking for setenv
configure:3077: gcc -o conftest -g -O2   conftest.c  1>&5
configure:3049: checking for setlocale
configure:3077: gcc -o conftest -g -O2   conftest.c  1>&5
configure:3049: checking for stpcpy
configure:3077: gcc -o conftest -g -O2   conftest.c  1>&5
configure:3061:6: warning: incompatible redeclaration of library function 'stpcpy' [-Wincompatible-library-redeclaration]
char stpcpy();
     ^
configure:3061:6: note: 'stpcpy' is a builtin with type 'char *(char *, const char *)'
1 warning generated.
configure:3049: checking for strcasecmp
configure:3077: gcc -o conftest -g -O2   conftest.c  1>&5
configure:3061:6: warning: incompatible redeclaration of library function 'strcasecmp' [-Wincompatible-library-redeclaration]
char strcasecmp();
     ^
configure:3061:6: note: 'strcasecmp' is a builtin with type 'int (const char *, const char *)'
1 warning generated.
configure:3049: checking for strdup
configure:3077: gcc -o conftest -g -O2   conftest.c  1>&5
configure:3061:6: warning: incompatible redeclaration of library function 'strdup' [-Wincompatible-library-redeclaration]
char strdup();
     ^
configure:3061:6: note: 'strdup' is a builtin with type 'char *(const char *)'
1 warning generated.
configure:3049: checking for strtoul
configure:3077: gcc -o conftest -g -O2   conftest.c  1>&5
configure:3061:6: warning: incompatible redeclaration of library function 'strtoul' [-Wincompatible-library-redeclaration]
char strtoul();
     ^
configure:3061:6: note: 'strtoul' is a builtin with type 'unsigned long (const char *, char **, int)'
1 warning generated.
configure:3049: checking for tsearch
configure:3077: gcc -o conftest -g -O2   conftest.c  1>&5
configure:3049: checking for __argz_count
configure:3077: gcc -o conftest -g -O2   conftest.c  1>&5
Undefined symbols for architecture x86_64:
  "___argz_count", referenced from:
      _main in conftest-09b770.o
ld: symbol(s) not found for architecture x86_64
clang: error: linker command failed with exit code 1 (use -v to see invocation)
configure: failed program was:
#line 3054 "configure"
#include "confdefs.h"
/* System header to define __stub macros and hopefully few prototypes,
    which can conflict with char __argz_count(); below.  */
#include <assert.h>
/* Override any gcc2 internal prototype to avoid an error.  */
/* We use char because int might match the return type of a gcc2
    builtin and then its argument prototype would still apply.  */
char __argz_count();

int main() {

/* The GNU C library defines this for functions which it implements
    to always fail with ENOSYS.  Some functions are actually named
    something starting with __ and the normal name is an alias.  */
#if defined (__stub___argz_count) || defined (__stub_____argz_count)
choke me
#else
__argz_count();
#endif

; return 0; }
configure:3049: checking for __argz_stringify
configure:3077: gcc -o conftest -g -O2   conftest.c  1>&5
Undefined symbols for architecture x86_64:
  "___argz_stringify", referenced from:
      _main in conftest-e9231c.o
ld: symbol(s) not found for architecture x86_64
clang: error: linker command failed with exit code 1 (use -v to see invocation)
configure: failed program was:
#line 3054 "configure"
#include "confdefs.h"
/* System header to define __stub macros and hopefully few prototypes,
    which can conflict with char __argz_stringify(); below.  */
#include <assert.h>
/* Override any gcc2 internal prototype to avoid an error.  */
/* We use char because int might match the return type of a gcc2
    builtin and then its argument prototype would still apply.  */
char __argz_stringify();

int main() {

/* The GNU C library defines this for functions which it implements
    to always fail with ENOSYS.  Some functions are actually named
    something starting with __ and the normal name is an alias.  */
#if defined (__stub___argz_stringify) || defined (__stub_____argz_stringify)
choke me
#else
__argz_stringify();
#endif

; return 0; }
configure:3049: checking for __argz_next
configure:3077: gcc -o conftest -g -O2   conftest.c  1>&5
Undefined symbols for architecture x86_64:
  "___argz_next", referenced from:
      _main in conftest-42a617.o
ld: symbol(s) not found for architecture x86_64
clang: error: linker command failed with exit code 1 (use -v to see invocation)
configure: failed program was:
#line 3054 "configure"
#include "confdefs.h"
/* System header to define __stub macros and hopefully few prototypes,
    which can conflict with char __argz_next(); below.  */
#include <assert.h>
/* Override any gcc2 internal prototype to avoid an error.  */
/* We use char because int might match the return type of a gcc2
    builtin and then its argument prototype would still apply.  */
char __argz_next();

int main() {

/* The GNU C library defines this for functions which it implements
    to always fail with ENOSYS.  Some functions are actually named
    something starting with __ and the normal name is an alias.  */
#if defined (__stub___argz_next) || defined (__stub_____argz_next)
choke me
#else
__argz_next();
#endif

; return 0; }
configure:3049: checking for __fsetlocking
configure:3077: gcc -o conftest -g -O2   conftest.c  1>&5
Undefined symbols for architecture x86_64:
  "___fsetlocking", referenced from:
      _main in conftest-40eae3.o
ld: symbol(s) not found for architecture x86_64
clang: error: linker command failed with exit code 1 (use -v to see invocation)
configure: failed program was:
#line 3054 "configure"
#include "confdefs.h"
/* System header to define __stub macros and hopefully few prototypes,
    which can conflict with char __fsetlocking(); below.  */
#include <assert.h>
/* Override any gcc2 internal prototype to avoid an error.  */
/* We use char because int might match the return type of a gcc2
    builtin and then its argument prototype would still apply.  */
char __fsetlocking();

int main() {

/* The GNU C library defines this for functions which it implements
    to always fail with ENOSYS.  Some functions are actually named
    something starting with __ and the normal name is an alias.  */
#if defined (__stub___fsetlocking) || defined (__stub_____fsetlocking)
choke me
#else
__fsetlocking();
#endif

; return 0; }
configure:3133: checking for iconv
configure:3151: gcc -o conftest -g -O2   conftest.c  1>&5
Undefined symbols for architecture x86_64:
  "_iconv", referenced from:
      _main in conftest-2de9be.o
  "_iconv_close", referenced from:
      _main in conftest-2de9be.o
  "_iconv_open", referenced from:
      _main in conftest-2de9be.o
ld: symbol(s) not found for architecture x86_64
clang: error: linker command failed with exit code 1 (use -v to see invocation)
configure: failed program was:
#line 3141 "configure"
#include "confdefs.h"
#include <stdlib.h>
#include <iconv.h>
int main() {
iconv_t cd = iconv_open("","");
       iconv(cd,NULL,NULL,NULL,NULL);
       iconv_close(cd);
; return 0; }
configure:3173: gcc -o conftest -g -O2   conftest.c  -liconv 1>&5
configure:3196: checking how to link with libiconv
configure:3208: checking for iconv declaration
configure:3233: gcc -c -g -O2  conftest.c 1>&5
configure:3257: checking for nl_langinfo and CODESET
configure:3269: gcc -o conftest -g -O2   conftest.c  1>&5
configure:3293: checking for LC_MESSAGES
configure:3305: gcc -o conftest -g -O2   conftest.c  1>&5
configure:3332: checking for bison
configure:3365: checking version of bison
configure:3395: checking whether NLS is requested
configure:3962: checking whether to use NLS
